<?xml version="1.0" encoding="utf-8"?><testsuites name="pytest tests"><testsuite name="pytest" errors="0" failures="0" skipped="1" tests="19" time="4.906" timestamp="2026-03-30T19:43:08.197073+00:00" hostname="agent-env-d0f8b6a4-09b5-4198-937b-a5ce63b61d46"><testcase classname="tests.test_students_attendance.TestAuthentication" name="test_admin_login_success" time="0.462" /><testcase classname="tests.test_students_attendance.TestAuthentication" name="test_leader_login_success" time="0.317" /><testcase classname="tests.test_students_attendance.TestAuthentication" name="test_login_invalid_credentials" time="0.072" /><testcase classname="tests.test_students_attendance.TestClasses" name="test_get_classes" time="0.352" /><testcase classname="tests.test_students_attendance.TestStudentCRUD" name="test_create_student_admin_only" time="0.129" /><testcase classname="tests.test_students_attendance.TestStudentCRUD" name="test_create_student_leader_forbidden" time="0.347" /><testcase classname="tests.test_students_attendance.TestStudentCRUD" name="test_get_students_by_class" time="0.059" /><testcase classname="tests.test_students_attendance.TestStudentCRUD" name="test_get_all_students" time="0.060" /><testcase classname="tests.test_students_attendance.TestStudentCRUD" name="test_update_student" time="0.144" /><testcase classname="tests.test_students_attendance.TestStudentCRUD" name="test_update_student_leader_forbidden" time="0.068" /><testcase classname="tests.test_students_attendance.TestStudentCRUD" name="test_delete_student" time="0.126" /><testcase classname="tests.test_students_attendance.TestStudentCRUD" name="test_delete_nonexistent_student" time="0.059" /><testcase classname="tests.test_students_attendance.TestStudentCRUD" name="test_create_student_invalid_class" time="0.061" /><testcase classname="tests.test_students_attendance.TestAttendance" name="test_submit_attendance" time="0.419" /><testcase classname="tests.test_students_attendance.TestAttendance" name="test_get_today_attendance" time="0.448" /><testcase classname="tests.test_students_attendance.TestAttendance" name="test_update_attendance" time="0.586" /><testcase classname="tests.test_students_attendance.TestAttendance" name="test_attendance_wrong_class_forbidden" time="0.397"><skipped type="pytest.skip" message="Test class is same as leader's class">/app/backend/tests/test_students_attendance.py:351: Test class is same as leader's class</skipped></testcase><testcase classname="tests.test_students_attendance.TestBulkStudentCreation" name="test_bulk_create_students" time="0.337" /><testcase classname="tests.test_students_attendance.TestDashboardIntegration" name="test_attendance_updates_daily_counts" time="0.259" /></testsuite></testsuites>